app/build/intermediates/manifest_merge_blame_file/debug/manifest-merger-blame-debug-report.txt
1<?xml version="1.0" encoding="utf-8"?>
2<manifest xmlns:android="http://schemas.android.com/apk/res/android"
3    package="org.tensorflow.lite.codelabs.digitclassifier"
4    android:versionCode="1"
5    android:versionName="1.0" >
6
7    <uses-sdk
7-->src/main/AndroidManifest.xml:6:5-17
8        android:minSdkVersion="21"
8-->src/main/AndroidManifest.xml:6:5-17
9        android:targetSdkVersion="30" />
9-->src/main/AndroidManifest.xml:6:5-17
10
11    <uses-permission android:name="android.permission.READ_EXTERNAL_STORAGE" />
11-->src/main/AndroidManifest.xml:8:5-80
11-->src/main/AndroidManifest.xml:8:22-77
12    <uses-permission android:name="android.permission.WRITE_EXTERNAL_STORAGE" />
12-->src/main/AndroidManifest.xml:9:5-81
12-->src/main/AndroidManifest.xml:9:22-78
13
14    <application
14-->src/main/AndroidManifest.xml:11:5-32:19
15        android:allowBackup="true"
15-->src/main/AndroidManifest.xml:12:9-35
16        android:appComponentFactory="androidx.core.app.CoreComponentFactory"
16-->[androidx.core:core:1.5.0] AndroidManifest.xml:24:18-86
17        android:debuggable="true"
18        android:icon="@mipmap/ic_launcher"
18-->src/main/AndroidManifest.xml:13:9-43
19        android:label="@string/app_name"
19-->src/main/AndroidManifest.xml:14:9-41
20        android:requestLegacyExternalStorage="true"
20-->src/main/AndroidManifest.xml:15:9-52
21        android:roundIcon="@mipmap/ic_launcher_round"
21-->src/main/AndroidManifest.xml:16:9-54
22        android:supportsRtl="true"
22-->src/main/AndroidManifest.xml:17:9-35
23        android:testOnly="true"
24        android:theme="@style/AppTheme" >
24-->src/main/AndroidManifest.xml:18:9-40
25        <activity
25-->src/main/AndroidManifest.xml:20:9-22:40
26            android:name="org.tensorflow.lite.codelabs.digitclassifier.SubActivity"
26-->src/main/AndroidManifest.xml:21:13-40
27            android:exported="false" />
27-->src/main/AndroidManifest.xml:22:13-37
28        <activity
28-->src/main/AndroidManifest.xml:23:9-31:20
29            android:name="org.tensorflow.lite.codelabs.digitclassifier.MainActivity"
29-->src/main/AndroidManifest.xml:24:13-41
30            android:exported="true" >
30-->src/main/AndroidManifest.xml:25:13-36
31            <intent-filter>
31-->src/main/AndroidManifest.xml:26:13-30:29
32                <action android:name="android.intent.action.MAIN" />
32-->src/main/AndroidManifest.xml:27:17-69
32-->src/main/AndroidManifest.xml:27:25-66
33
34                <category android:name="android.intent.category.LAUNCHER" />
34-->src/main/AndroidManifest.xml:29:17-77
34-->src/main/AndroidManifest.xml:29:27-74
35            </intent-filter>
36        </activity>
37        <activity
37-->[com.github.divyanshub024:AndroidDraw:v0.1] AndroidManifest.xml:12:9-14:66
38            android:name="com.divyanshu.draw.activity.DrawingActivity"
38-->[com.github.divyanshub024:AndroidDraw:v0.1] AndroidManifest.xml:13:13-71
39            android:theme="@style/Theme.AppCompat.NoActionBar" />
39-->[com.github.divyanshub024:AndroidDraw:v0.1] AndroidManifest.xml:14:13-63
40
41        <meta-data
41-->[com.google.android.gms:play-services-basement:17.6.0] AndroidManifest.xml:23:9-25:69
42            android:name="com.google.android.gms.version"
42-->[com.google.android.gms:play-services-basement:17.6.0] AndroidManifest.xml:24:13-58
43            android:value="@integer/google_play_services_version" />
43-->[com.google.android.gms:play-services-basement:17.6.0] AndroidManifest.xml:25:13-66
44    </application>
45
46</manifest>